2026-07-14 10:51:13.760 | INFO     | app.main:<module>:11 - Application Started
2026-07-14 10:51:16.396 | INFO     | app.main:<module>:11 - Application Started
2026-07-14 10:51:18.855 | INFO     | app.main:<module>:10 - Application Started
2026-07-14 10:51:54.502 | INFO     | app.main:<module>:10 - Application Started
2026-07-14 10:51:56.011 | INFO     | app.main:<module>:10 - Application Started
2026-07-14 10:51:57.457 | INFO     | app.main:<module>:10 - Application Started
2026-07-14 10:52:01.127 | INFO     | app.main:<module>:10 - Application Started
2026-07-14 10:52:32.450 | INFO     | app.main:<module>:10 - Application Started
2026-07-14 10:52:33.772 | INFO     | app.main:<module>:10 - Application Started
2026-07-14 10:52:39.269 | INFO     | app.main:<module>:10 - Application Started
2026-07-14 10:59:05.441 | INFO     | app.main:<module>:10 - Application Started
2026-07-14 10:59:10.124 | INFO     | app.main:<module>:10 - Application Started
2026-07-14 10:59:12.725 | INFO     | app.main:<module>:10 - Application Started
2026-07-14 10:59:17.059 | INFO     | app.main:<module>:10 - Application Started
2026-07-14 10:59:22.613 | INFO     | app.main:<module>:10 - Application Started
2026-07-14 10:59:50.029 | INFO     | app.main:<module>:10 - Application Started
2026-07-14 11:00:08.722 | INFO     | app.main:<module>:10 - Application Started
2026-07-14 11:00:17.159 | INFO     | app.main:<module>:10 - Application Started
2026-07-14 11:00:18.854 | INFO     | app.main:<module>:10 - Application Started
2026-07-14 11:01:04.003 | INFO     | app.main:<module>:10 - Application Started
2026-07-14 11:06:27.885 | INFO     | app.main:<module>:17 - Application Started
2026-07-14 11:07:42.058 | INFO     | app.main:<module>:17 - Application Started
2026-07-14 12:01:17.858 | INFO     | app.main:<module>:17 - Application Started
2026-07-14 12:01:21.731 | INFO     | app.main:<module>:17 - Application Started
2026-07-14 12:01:29.171 | INFO     | app.main:<module>:17 - Application Started
2026-07-14 12:01:30.520 | INFO     | app.main:<module>:17 - Application Started
2026-07-14 12:02:17.263 | INFO     | app.main:<module>:17 - Application Started
2026-07-14 12:02:28.760 | INFO     | app.main:<module>:17 - Application Started
2026-07-14 12:02:30.761 | INFO     | app.main:<module>:17 - Application Started
2026-07-14 12:02:45.232 | INFO     | app.main:<module>:17 - Application Started
2026-07-14 12:02:50.289 | INFO     | app.main:<module>:17 - Application Started
2026-07-14 12:02:51.895 | INFO     | app.main:<module>:17 - Application Started
2026-07-14 12:03:02.820 | INFO     | app.main:<module>:17 - Application Started
2026-07-14 12:03:05.908 | INFO     | app.main:<module>:17 - Application Started
2026-07-14 12:03:07.130 | INFO     | app.main:<module>:17 - Application Started
2026-07-14 12:04:04.115 | INFO     | app.main:<module>:17 - Application Started
2026-07-14 12:04:49.138 | INFO     | app.main:<module>:17 - Application Started
2026-07-14 12:04:55.265 | INFO     | app.main:<module>:17 - Application Started
2026-07-14 12:04:57.505 | INFO     | app.main:<module>:17 - Application Started
2026-07-14 12:05:00.421 | INFO     | app.main:<module>:17 - Application Started
2026-07-14 12:13:21.632 | INFO     | app.main:<module>:17 - Application Started
2026-07-14 12:33:03.593 | INFO     | app.main:<module>:17 - Application Started
2026-07-14 12:53:36.891 | INFO     | app.main:<module>:17 - Application Started
2026-07-14 12:53:46.763 | INFO     | app.main:<module>:17 - Application Started
2026-07-14 12:57:14.516 | INFO     | app.main:<module>:17 - Application Started
2026-07-14 12:57:18.275 | INFO     | app.main:<module>:17 - Application Started
2026-07-14 12:57:41.773 | INFO     | app.main:<module>:17 - Application Started
2026-07-14 12:57:47.920 | INFO     | app.main:<module>:17 - Application Started
2026-07-14 12:57:53.388 | INFO     | app.main:<module>:17 - Application Started
2026-07-14 12:57:55.262 | INFO     | app.main:<module>:17 - Application Started
2026-07-14 12:57:57.350 | INFO     | app.main:<module>:17 - Application Started
2026-07-14 12:58:00.572 | INFO     | app.main:<module>:17 - Application Started
2026-07-14 12:58:53.392 | INFO     | app.main:<module>:17 - Application Started
2026-07-14 12:58:55.202 | INFO     | app.main:<module>:17 - Application Started
2026-07-14 12:58:57.405 | INFO     | app.main:<module>:17 - Application Started
2026-07-14 12:59:01.473 | INFO     | app.main:<module>:17 - Application Started
2026-07-14 12:59:02.930 | INFO     | app.main:<module>:17 - Application Started
2026-07-14 12:59:11.227 | INFO     | app.main:<module>:17 - Application Started
2026-07-14 12:59:44.334 | INFO     | app.main:<module>:17 - Application Started
2026-07-14 12:59:47.412 | INFO     | app.main:<module>:17 - Application Started
2026-07-14 12:59:49.713 | INFO     | app.main:<module>:17 - Application Started
2026-07-14 12:59:54.786 | INFO     | app.main:<module>:17 - Application Started
2026-07-14 13:00:11.668 | INFO     | app.main:<module>:17 - Application Started
2026-07-14 13:00:23.233 | INFO     | app.main:<module>:17 - Application Started
2026-07-14 13:00:43.010 | INFO     | app.main:<module>:17 - Application Started
2026-07-14 13:04:18.789 | INFO     | app.main:<module>:17 - Application Started
2026-07-14 13:04:23.434 | INFO     | app.main:<module>:17 - Application Started
2026-07-14 13:04:27.412 | INFO     | app.main:<module>:17 - Application Started
2026-07-14 13:04:29.738 | INFO     | app.main:<module>:17 - Application Started
2026-07-14 13:04:30.918 | INFO     | app.main:<module>:17 - Application Started
2026-07-14 13:04:33.507 | INFO     | app.main:<module>:17 - Application Started
2026-07-14 13:05:04.833 | INFO     | app.main:<module>:17 - Application Started
2026-07-14 13:05:11.391 | INFO     | app.main:<module>:17 - Application Started
2026-07-14 13:05:17.105 | INFO     | app.main:<module>:17 - Application Started
2026-07-14 13:05:25.871 | INFO     | app.main:<module>:17 - Application Started
2026-07-14 13:05:47.535 | INFO     | app.main:<module>:17 - Application Started
2026-07-14 13:05:54.319 | INFO     | app.main:<module>:17 - Application Started
2026-07-14 13:05:56.374 | INFO     | app.main:<module>:17 - Application Started
2026-07-14 13:05:59.653 | INFO     | app.main:<module>:17 - Application Started
2026-07-14 13:06:01.521 | INFO     | app.main:<module>:17 - Application Started
2026-07-14 13:06:16.871 | INFO     | app.main:<module>:17 - Application Started
2026-07-14 13:06:21.377 | INFO     | app.main:<module>:17 - Application Started
2026-07-14 13:06:25.700 | INFO     | app.main:<module>:17 - Application Started
2026-07-14 13:06:39.074 | INFO     | app.main:<module>:17 - Application Started
2026-07-14 13:06:45.978 | INFO     | app.main:<module>:17 - Application Started
2026-07-14 13:06:48.854 | INFO     | app.main:<module>:17 - Application Started
2026-07-14 13:06:49.841 | INFO     | app.main:<module>:17 - Application Started
2026-07-14 13:06:58.354 | INFO     | app.main:<module>:17 - Application Started
2026-07-14 13:07:03.076 | INFO     | app.main:<module>:17 - Application Started
2026-07-14 13:07:06.785 | INFO     | app.main:<module>:17 - Application Started
2026-07-14 13:07:26.699 | INFO     | app.main:<module>:17 - Application Started
2026-07-14 13:07:35.683 | INFO     | app.main:<module>:17 - Application Started
2026-07-14 13:07:38.774 | INFO     | app.main:<module>:17 - Application Started
2026-07-14 13:07:44.363 | INFO     | app.main:<module>:17 - Application Started
2026-07-14 13:07:46.114 | INFO     | app.main:<module>:17 - Application Started
2026-07-14 13:07:50.293 | INFO     | app.main:<module>:17 - Application Started
2026-07-14 13:07:52.320 | INFO     | app.main:<module>:17 - Application Started
2026-07-14 13:07:53.759 | INFO     | app.main:<module>:17 - Application Started
2026-07-14 13:08:00.473 | INFO     | app.main:<module>:17 - Application Started
2026-07-14 13:08:03.740 | INFO     | app.main:<module>:17 - Application Started
2026-07-14 13:08:06.602 | INFO     | app.main:<module>:17 - Application Started
2026-07-14 13:08:10.122 | INFO     | app.main:<module>:17 - Application Started
2026-07-14 13:08:12.344 | INFO     | app.main:<module>:17 - Application Started
2026-07-14 13:08:49.636 | INFO     | app.main:<module>:17 - Application Started
2026-07-14 13:09:02.102 | INFO     | app.main:<module>:17 - Application Started
2026-07-14 13:09:05.316 | INFO     | app.main:<module>:17 - Application Started
2026-07-14 13:09:08.828 | INFO     | app.main:<module>:17 - Application Started
2026-07-14 13:09:13.661 | INFO     | app.main:<module>:17 - Application Started
2026-07-14 13:09:16.094 | INFO     | app.main:<module>:17 - Application Started
2026-07-14 13:09:18.631 | INFO     | app.main:<module>:17 - Application Started
2026-07-14 13:09:22.137 | INFO     | app.main:<module>:17 - Application Started
2026-07-14 13:09:25.034 | INFO     | app.main:<module>:17 - Application Started
2026-07-14 13:09:27.455 | INFO     | app.main:<module>:17 - Application Started
2026-07-14 13:09:30.548 | INFO     | app.main:<module>:17 - Application Started
2026-07-14 13:09:34.506 | INFO     | app.main:<module>:17 - Application Started
2026-07-14 13:36:03.529 | INFO     | app.main:<module>:17 - Application Started
2026-07-14 13:36:04.952 | INFO     | app.main:<module>:17 - Application Started
2026-07-14 13:40:04.608 | INFO     | app.main:<module>:17 - Application Started
2026-07-14 13:40:10.967 | INFO     | app.main:<module>:17 - Application Started
2026-07-14 13:42:21.547 | INFO     | app.main:<module>:17 - Application Started
2026-07-14 13:46:06.538 | INFO     | app.main:<module>:17 - Application Started
2026-07-14 13:46:09.354 | INFO     | app.main:<module>:17 - Application Started
2026-07-14 13:46:34.674 | INFO     | app.main:<module>:17 - Application Started
2026-07-14 13:46:37.694 | INFO     | app.main:<module>:17 - Application Started
2026-07-14 13:46:40.250 | INFO     | app.main:<module>:17 - Application Started
2026-07-14 13:46:43.607 | INFO     | app.main:<module>:17 - Application Started
2026-07-14 13:46:46.284 | INFO     | app.main:<module>:17 - Application Started
2026-07-14 13:46:48.090 | INFO     | app.main:<module>:17 - Application Started
2026-07-14 13:46:51.807 | INFO     | app.main:<module>:17 - Application Started
2026-07-14 13:46:56.753 | INFO     | app.main:<module>:17 - Application Started
2026-07-14 13:48:39.913 | INFO     | app.main:<module>:17 - Application Started
2026-07-14 13:48:59.174 | INFO     | app.main:<module>:17 - Application Started
2026-07-14 13:49:03.683 | INFO     | app.main:<module>:17 - Application Started
2026-07-14 13:49:06.029 | INFO     | app.main:<module>:17 - Application Started
2026-07-14 13:49:08.213 | INFO     | app.main:<module>:17 - Application Started
2026-07-14 13:49:12.194 | INFO     | app.main:<module>:17 - Application Started
2026-07-14 13:49:47.697 | INFO     | app.main:<module>:17 - Application Started
2026-07-14 13:49:54.701 | INFO     | app.main:<module>:17 - Application Started
2026-07-14 13:50:16.761 | INFO     | app.main:<module>:17 - Application Started
2026-07-14 13:53:50.711 | INFO     | app.main:<module>:17 - Application Started
2026-07-14 13:53:52.145 | INFO     | app.main:<module>:17 - Application Started
2026-07-14 13:53:55.509 | INFO     | app.main:<module>:17 - Application Started
2026-07-14 13:53:58.205 | INFO     | app.main:<module>:17 - Application Started
2026-07-14 13:54:05.051 | INFO     | app.main:<module>:17 - Application Started
2026-07-14 13:54:08.917 | INFO     | app.main:<module>:17 - Application Started
2026-07-14 13:55:36.883 | INFO     | app.main:<module>:17 - Application Started
2026-07-14 13:55:38.180 | INFO     | app.main:<module>:17 - Application Started
2026-07-14 13:55:41.209 | INFO     | app.main:<module>:17 - Application Started
2026-07-14 13:55:45.866 | INFO     | app.main:<module>:17 - Application Started
2026-07-14 13:55:48.793 | INFO     | app.main:<module>:17 - Application Started
2026-07-14 13:56:11.302 | INFO     | app.main:<module>:17 - Application Started
2026-07-14 13:56:12.612 | INFO     | app.main:<module>:17 - Application Started
2026-07-14 13:56:19.360 | INFO     | app.main:<module>:17 - Application Started
2026-07-14 13:56:21.563 | INFO     | app.main:<module>:17 - Application Started
2026-07-14 13:56:28.994 | INFO     | app.main:<module>:17 - Application Started
2026-07-14 13:56:35.704 | INFO     | app.main:<module>:17 - Application Started
2026-07-14 14:10:36.263 | INFO     | app.main:<module>:17 - Application Started
2026-07-14 14:10:37.136 | INFO     | app.main:<module>:17 - Application Started
2026-07-14 14:10:40.878 | INFO     | app.main:<module>:17 - Application Started
2026-07-14 14:10:44.344 | INFO     | app.main:<module>:17 - Application Started
2026-07-14 14:11:03.962 | INFO     | app.main:<module>:17 - Application Started
2026-07-14 14:11:06.085 | INFO     | app.main:<module>:17 - Application Started
2026-07-14 14:11:08.415 | INFO     | app.main:<module>:17 - Application Started
2026-07-14 14:11:10.630 | INFO     | app.main:<module>:17 - Application Started
2026-07-14 14:11:11.533 | INFO     | app.main:<module>:17 - Application Started
2026-07-14 14:11:16.217 | INFO     | app.main:<module>:17 - Application Started
2026-07-14 14:11:18.424 | INFO     | app.main:<module>:17 - Application Started
2026-07-14 14:11:20.678 | INFO     | app.main:<module>:17 - Application Started
2026-07-14 14:11:22.915 | INFO     | app.main:<module>:17 - Application Started
2026-07-14 14:11:35.187 | INFO     | app.main:<module>:17 - Application Started
2026-07-14 14:11:37.377 | INFO     | app.main:<module>:17 - Application Started
2026-07-14 14:11:38.385 | INFO     | app.main:<module>:17 - Application Started
2026-07-14 14:11:39.367 | INFO     | app.main:<module>:17 - Application Started
2026-07-14 14:11:42.892 | INFO     | app.main:<module>:17 - Application Started
2026-07-14 14:11:45.174 | INFO     | app.main:<module>:17 - Application Started
2026-07-14 14:12:10.535 | INFO     | app.main:<module>:17 - Application Started
2026-07-14 14:12:18.465 | INFO     | app.main:<module>:17 - Application Started
2026-07-14 14:12:31.312 | INFO     | app.main:<module>:17 - Application Started
2026-07-14 14:12:33.484 | INFO     | app.main:<module>:17 - Application Started
2026-07-14 14:12:38.042 | INFO     | app.main:<module>:17 - Application Started
2026-07-14 14:12:39.718 | INFO     | app.main:<module>:17 - Application Started
2026-07-14 14:12:41.478 | INFO     | app.main:<module>:17 - Application Started
2026-07-14 14:12:55.223 | INFO     | app.main:<module>:17 - Application Started
2026-07-14 14:13:35.046 | INFO     | app.main:<module>:17 - Application Started
2026-07-14 14:13:44.474 | INFO     | app.main:<module>:17 - Application Started
2026-07-14 14:13:45.506 | INFO     | app.main:<module>:17 - Application Started
2026-07-14 14:13:49.910 | INFO     | app.main:<module>:17 - Application Started
2026-07-14 14:13:51.777 | INFO     | app.main:<module>:17 - Application Started
2026-07-14 14:13:53.855 | INFO     | app.main:<module>:17 - Application Started
2026-07-14 14:14:29.493 | INFO     | app.main:<module>:17 - Application Started
2026-07-14 14:14:35.277 | INFO     | app.main:<module>:17 - Application Started
2026-07-14 14:14:53.246 | INFO     | app.main:<module>:17 - Application Started
2026-07-14 14:14:56.570 | INFO     | app.main:<module>:17 - Application Started
2026-07-14 14:15:13.503 | INFO     | app.main:<module>:17 - Application Started
2026-07-14 14:15:16.791 | INFO     | app.main:<module>:17 - Application Started
2026-07-14 14:15:26.415 | INFO     | app.main:<module>:17 - Application Started
2026-07-14 14:15:28.947 | INFO     | app.main:<module>:17 - Application Started
2026-07-14 14:15:33.436 | INFO     | app.main:<module>:17 - Application Started
2026-07-14 14:15:43.560 | INFO     | app.main:<module>:17 - Application Started
2026-07-14 14:15:57.056 | INFO     | app.main:<module>:17 - Application Started
2026-07-14 14:16:06.162 | INFO     | app.main:<module>:17 - Application Started
2026-07-14 14:16:09.322 | INFO     | app.main:<module>:17 - Application Started
2026-07-14 14:16:11.866 | INFO     | app.main:<module>:17 - Application Started
2026-07-14 14:16:14.977 | INFO     | app.main:<module>:17 - Application Started
2026-07-14 14:16:19.729 | INFO     | app.main:<module>:17 - Application Started
2026-07-14 14:16:20.729 | INFO     | app.main:<module>:17 - Application Started
2026-07-14 14:16:28.889 | INFO     | app.main:<module>:17 - Application Started
2026-07-14 14:16:56.614 | INFO     | app.main:<module>:17 - Application Started
2026-07-14 14:17:08.063 | INFO     | app.main:<module>:17 - Application Started
2026-07-14 16:08:48.437 | INFO     | app.main:<module>:17 - Application Started
2026-07-14 16:08:56.654 | INFO     | app.main:<module>:17 - Application Started
2026-07-14 16:09:01.193 | INFO     | app.main:<module>:17 - Application Started
2026-07-14 16:09:02.314 | INFO     | app.main:<module>:17 - Application Started
2026-07-14 16:09:11.909 | INFO     | app.main:<module>:17 - Application Started
2026-07-14 16:09:16.726 | INFO     | app.main:<module>:17 - Application Started
2026-07-14 16:09:19.716 | INFO     | app.main:<module>:17 - Application Started
2026-07-14 16:09:25.992 | INFO     | app.main:<module>:17 - Application Started
2026-07-14 16:09:28.748 | INFO     | app.main:<module>:17 - Application Started
2026-07-14 16:09:29.893 | INFO     | app.main:<module>:17 - Application Started
2026-07-14 16:09:34.203 | INFO     | app.main:<module>:17 - Application Started
2026-07-14 16:09:49.912 | INFO     | app.main:<module>:17 - Application Started
2026-07-14 16:09:53.774 | INFO     | app.main:<module>:17 - Application Started
2026-07-14 16:10:08.226 | INFO     | app.main:<module>:17 - Application Started
2026-07-14 16:10:15.017 | INFO     | app.main:<module>:17 - Application Started
2026-07-14 16:10:17.596 | INFO     | app.main:<module>:17 - Application Started
2026-07-14 16:10:19.977 | INFO     | app.main:<module>:17 - Application Started
2026-07-14 16:10:22.971 | INFO     | app.main:<module>:17 - Application Started
2026-07-14 16:10:36.363 | INFO     | app.main:<module>:17 - Application Started
2026-07-14 16:10:41.054 | INFO     | app.main:<module>:17 - Application Started
2026-07-14 16:10:44.236 | INFO     | app.main:<module>:17 - Application Started
2026-07-14 16:10:47.535 | INFO     | app.main:<module>:17 - Application Started
2026-07-14 16:10:48.686 | INFO     | app.main:<module>:17 - Application Started
2026-07-14 16:10:49.972 | INFO     | app.main:<module>:17 - Application Started
2026-07-14 16:10:51.416 | INFO     | app.main:<module>:17 - Application Started
2026-07-14 16:11:01.038 | INFO     | app.main:<module>:17 - Application Started
2026-07-14 16:11:05.624 | INFO     | app.main:<module>:17 - Application Started
2026-07-14 16:11:09.376 | INFO     | app.main:<module>:17 - Application Started
2026-07-14 16:11:12.670 | INFO     | app.main:<module>:17 - Application Started
2026-07-14 16:11:15.018 | INFO     | app.main:<module>:17 - Application Started
2026-07-14 16:11:17.452 | INFO     | app.main:<module>:17 - Application Started
2026-07-14 16:11:30.774 | INFO     | app.main:<module>:17 - Application Started
2026-07-14 16:11:35.695 | INFO     | app.main:<module>:17 - Application Started
2026-07-14 16:11:38.766 | INFO     | app.main:<module>:17 - Application Started
2026-07-14 16:11:42.163 | INFO     | app.main:<module>:17 - Application Started
2026-07-14 16:11:49.493 | INFO     | app.main:<module>:17 - Application Started
2026-07-14 16:11:54.944 | INFO     | app.main:<module>:17 - Application Started
2026-07-14 16:11:57.794 | INFO     | app.main:<module>:17 - Application Started
2026-07-14 16:12:30.519 | INFO     | app.main:<module>:17 - Application Started
2026-07-14 16:12:37.840 | INFO     | app.main:<module>:17 - Application Started
2026-07-14 16:12:39.706 | INFO     | app.main:<module>:17 - Application Started
2026-07-14 16:12:45.908 | INFO     | app.main:<module>:17 - Application Started
2026-07-14 16:12:49.448 | INFO     | app.main:<module>:17 - Application Started
2026-07-14 16:12:52.025 | INFO     | app.main:<module>:17 - Application Started
2026-07-14 16:30:30.217 | INFO     | app.main:<module>:17 - Application Started
2026-07-14 16:30:37.906 | INFO     | app.main:<module>:17 - Application Started
2026-07-14 16:30:39.804 | INFO     | app.main:<module>:17 - Application Started
2026-07-14 16:37:36.459 | INFO     | app.main:<module>:17 - Application Started
2026-07-14 16:46:12.217 | INFO     | app.main:<module>:17 - Application Started
2026-07-14 16:47:22.823 | INFO     | app.main:<module>:17 - Application Started
2026-07-14 16:47:29.498 | INFO     | app.main:<module>:17 - Application Started
2026-07-14 16:47:30.934 | INFO     | app.main:<module>:17 - Application Started
2026-07-14 17:24:58.161 | INFO     | app.main:<module>:17 - Application Started
2026-07-14 17:26:28.407 | INFO     | app.main:<module>:19 - Application Started
2026-07-14 17:27:17.916 | INFO     | app.main:<module>:19 - Application Started
2026-07-14 17:27:24.948 | INFO     | app.main:<module>:19 - Application Started
2026-07-14 17:27:26.627 | INFO     | app.main:<module>:19 - Application Started
2026-07-14 17:27:36.755 | INFO     | app.main:<module>:19 - Application Started
2026-07-14 17:27:41.930 | INFO     | app.main:<module>:19 - Application Started
2026-07-14 17:27:48.873 | INFO     | app.main:<module>:19 - Application Started
2026-07-14 17:28:32.869 | INFO     | app.main:<module>:19 - Application Started
2026-07-14 17:28:40.484 | INFO     | app.main:<module>:19 - Application Started
2026-07-14 17:28:47.298 | INFO     | app.main:<module>:19 - Application Started
2026-07-14 17:29:23.248 | INFO     | app.main:<module>:19 - Application Started
2026-07-14 17:29:33.833 | INFO     | app.main:<module>:19 - Application Started
2026-07-14 17:29:56.924 | INFO     | app.main:<module>:19 - Application Started
2026-07-14 17:30:05.976 | INFO     | app.main:<module>:19 - Application Started
2026-07-14 17:30:22.379 | INFO     | app.main:<module>:19 - Application Started
2026-07-14 17:30:32.153 | INFO     | app.main:<module>:19 - Application Started
2026-07-14 17:30:35.235 | INFO     | app.main:<module>:19 - Application Started
2026-07-14 17:30:36.717 | INFO     | app.main:<module>:19 - Application Started
2026-07-14 17:30:38.612 | INFO     | app.main:<module>:19 - Application Started
2026-07-14 17:30:46.575 | INFO     | app.main:<module>:19 - Application Started
2026-07-14 17:30:54.487 | INFO     | app.main:<module>:19 - Application Started
2026-07-14 17:30:56.532 | INFO     | app.main:<module>:19 - Application Started
2026-07-14 17:30:58.136 | INFO     | app.main:<module>:19 - Application Started
2026-07-14 17:31:00.067 | INFO     | app.main:<module>:19 - Application Started
2026-07-14 17:31:04.183 | INFO     | app.main:<module>:19 - Application Started
2026-07-14 17:31:16.442 | INFO     | app.main:<module>:19 - Application Started
2026-07-14 17:31:19.333 | INFO     | app.main:<module>:19 - Application Started
2026-07-14 17:31:20.704 | INFO     | app.main:<module>:19 - Application Started
2026-07-14 17:31:23.636 | INFO     | app.main:<module>:19 - Application Started
2026-07-14 17:31:32.375 | INFO     | app.main:<module>:19 - Application Started
2026-07-14 17:31:39.604 | INFO     | app.main:<module>:19 - Application Started
2026-07-14 17:31:41.940 | INFO     | app.main:<module>:19 - Application Started
2026-07-14 17:31:43.070 | INFO     | app.main:<module>:19 - Application Started
2026-07-14 17:31:45.056 | INFO     | app.main:<module>:19 - Application Started
2026-07-14 17:31:59.788 | INFO     | app.main:<module>:19 - Application Started
2026-07-14 17:32:04.233 | INFO     | app.main:<module>:19 - Application Started
2026-07-14 17:32:05.657 | INFO     | app.main:<module>:19 - Application Started
2026-07-14 17:32:06.783 | INFO     | app.main:<module>:19 - Application Started
2026-07-14 17:32:12.092 | INFO     | app.main:<module>:19 - Application Started
2026-07-14 17:32:18.348 | INFO     | app.main:<module>:19 - Application Started
2026-07-14 17:32:20.780 | INFO     | app.main:<module>:19 - Application Started
2026-07-14 17:32:27.028 | INFO     | app.main:<module>:19 - Application Started
2026-07-14 17:32:28.266 | INFO     | app.main:<module>:19 - Application Started
2026-07-14 17:32:42.199 | INFO     | app.main:<module>:19 - Application Started
2026-07-14 17:32:45.625 | INFO     | app.main:<module>:19 - Application Started
2026-07-14 17:32:50.879 | INFO     | app.main:<module>:19 - Application Started
2026-07-14 17:32:53.222 | INFO     | app.main:<module>:19 - Application Started
2026-07-14 17:33:02.894 | INFO     | app.main:<module>:19 - Application Started
2026-07-15 11:07:44.357 | INFO     | app.main:<module>:19 - Application Started
2026-07-15 11:07:58.410 | INFO     | app.main:<module>:19 - Application Started
2026-07-15 11:08:03.170 | INFO     | app.main:<module>:19 - Application Started
2026-07-15 11:08:07.694 | INFO     | app.main:<module>:19 - Application Started
2026-07-15 11:08:12.116 | INFO     | app.main:<module>:19 - Application Started
2026-07-15 11:08:28.832 | INFO     | app.main:<module>:19 - Application Started
2026-07-15 11:08:33.524 | INFO     | app.main:<module>:19 - Application Started
2026-07-15 11:08:38.284 | INFO     | app.main:<module>:19 - Application Started
2026-07-15 11:08:42.907 | INFO     | app.main:<module>:19 - Application Started
2026-07-15 11:08:47.586 | INFO     | app.main:<module>:19 - Application Started
2026-07-15 11:08:53.579 | INFO     | app.main:<module>:19 - Application Started
2026-07-15 11:08:58.380 | INFO     | app.main:<module>:19 - Application Started
2026-07-15 11:09:03.098 | INFO     | app.main:<module>:19 - Application Started
2026-07-15 11:09:07.719 | INFO     | app.main:<module>:19 - Application Started
2026-07-15 11:09:12.310 | INFO     | app.main:<module>:19 - Application Started
2026-07-15 11:09:16.918 | INFO     | app.main:<module>:19 - Application Started
2026-07-15 11:09:21.432 | INFO     | app.main:<module>:19 - Application Started
2026-07-15 11:09:26.308 | INFO     | app.main:<module>:19 - Application Started
2026-07-15 11:10:35.730 | INFO     | app.main:<module>:19 - Application Started
2026-07-15 11:10:56.493 | INFO     | app.main:<module>:19 - Application Started
2026-07-15 11:11:01.159 | INFO     | app.main:<module>:19 - Application Started
2026-07-15 11:11:05.765 | INFO     | app.main:<module>:19 - Application Started
2026-07-15 11:15:14.717 | INFO     | app.main:<module>:19 - Application Started
2026-07-15 11:15:19.236 | INFO     | app.main:<module>:19 - Application Started
2026-07-15 11:15:23.724 | INFO     | app.main:<module>:19 - Application Started
2026-07-15 11:15:28.228 | INFO     | app.main:<module>:19 - Application Started
2026-07-15 11:15:32.718 | INFO     | app.main:<module>:19 - Application Started
2026-07-15 11:15:37.342 | INFO     | app.main:<module>:19 - Application Started
2026-07-15 11:15:41.936 | INFO     | app.main:<module>:19 - Application Started
2026-07-15 11:15:46.507 | INFO     | app.main:<module>:19 - Application Started
2026-07-15 11:15:54.682 | INFO     | app.main:<module>:19 - Application Started
2026-07-15 11:16:00.806 | INFO     | app.main:<module>:19 - Application Started
2026-07-15 11:18:20.587 | INFO     | app.main:<module>:19 - Application Started
2026-07-15 11:18:31.987 | INFO     | app.main:<module>:19 - Application Started
2026-07-15 11:19:29.033 | INFO     | app.main:<module>:19 - Application Started
2026-07-15 11:19:36.253 | INFO     | app.main:<module>:19 - Application Started
2026-07-15 11:19:40.983 | INFO     | app.main:<module>:19 - Application Started
2026-07-15 11:19:45.556 | INFO     | app.main:<module>:19 - Application Started
2026-07-15 11:19:50.329 | INFO     | app.main:<module>:19 - Application Started
2026-07-15 11:19:54.882 | INFO     | app.main:<module>:19 - Application Started
2026-07-15 11:19:59.312 | INFO     | app.main:<module>:19 - Application Started
2026-07-15 11:21:51.238 | INFO     | app.main:<module>:19 - Application Started
2026-07-15 11:21:56.310 | INFO     | app.main:<module>:19 - Application Started
2026-07-15 11:22:16.024 | INFO     | app.main:<module>:19 - Application Started
2026-07-15 11:22:36.081 | INFO     | app.main:<module>:19 - Application Started
2026-07-15 11:22:43.198 | INFO     | app.main:<module>:19 - Application Started
2026-07-15 11:22:52.122 | INFO     | app.main:<module>:19 - Application Started
2026-07-15 11:23:00.717 | INFO     | app.main:<module>:19 - Application Started
2026-07-15 11:23:20.241 | INFO     | app.main:<module>:19 - Application Started
2026-07-15 11:23:28.234 | INFO     | app.main:<module>:19 - Application Started
2026-07-15 11:23:35.726 | INFO     | app.main:<module>:19 - Application Started
2026-07-15 11:24:12.980 | INFO     | app.main:<module>:19 - Application Started
2026-07-15 11:24:20.606 | INFO     | app.main:<module>:19 - Application Started
2026-07-15 11:24:28.281 | INFO     | app.main:<module>:19 - Application Started
2026-07-15 11:24:36.039 | INFO     | app.main:<module>:19 - Application Started
2026-07-15 11:24:43.645 | INFO     | app.main:<module>:19 - Application Started
2026-07-15 11:24:51.151 | INFO     | app.main:<module>:19 - Application Started
2026-07-15 11:24:59.134 | INFO     | app.main:<module>:19 - Application Started
2026-07-15 11:25:11.424 | INFO     | app.main:<module>:19 - Application Started
2026-07-15 11:25:23.569 | INFO     | app.main:<module>:19 - Application Started
2026-07-15 11:26:27.389 | INFO     | app.main:<module>:19 - Application Started
2026-07-15 11:26:35.044 | INFO     | app.main:<module>:19 - Application Started
2026-07-15 11:26:43.197 | INFO     | app.main:<module>:19 - Application Started
2026-07-15 11:26:51.040 | INFO     | app.main:<module>:19 - Application Started
2026-07-15 11:27:28.537 | INFO     | app.main:<module>:19 - Application Started
2026-07-15 11:27:36.389 | INFO     | app.main:<module>:19 - Application Started
2026-07-15 11:27:51.661 | INFO     | app.main:<module>:19 - Application Started
2026-07-15 11:28:07.231 | INFO     | app.main:<module>:19 - Application Started
2026-07-15 11:28:22.757 | INFO     | app.main:<module>:19 - Application Started
2026-07-15 11:28:38.132 | INFO     | app.main:<module>:19 - Application Started
2026-07-15 11:28:53.635 | INFO     | app.main:<module>:19 - Application Started
2026-07-15 11:29:09.239 | INFO     | app.main:<module>:19 - Application Started
2026-07-15 11:29:26.804 | INFO     | app.main:<module>:19 - Application Started
2026-07-15 11:29:41.882 | INFO     | app.main:<module>:19 - Application Started
2026-07-15 11:53:35.163 | INFO     | app.main:<module>:19 - Application Started
2026-07-15 11:53:50.426 | INFO     | app.main:<module>:19 - Application Started
2026-07-15 11:54:05.609 | INFO     | app.main:<module>:19 - Application Started
2026-07-15 11:54:20.925 | INFO     | app.main:<module>:19 - Application Started
2026-07-15 12:36:00.599 | INFO     | app.main:<module>:19 - Application Started
2026-07-15 12:36:20.685 | INFO     | app.main:<module>:19 - Application Started
2026-07-15 12:36:53.497 | INFO     | app.main:<module>:19 - Application Started
2026-07-15 12:37:15.625 | INFO     | app.main:<module>:19 - Application Started
2026-07-15 12:37:36.627 | INFO     | app.main:<module>:19 - Application Started
2026-07-15 12:37:56.889 | INFO     | app.main:<module>:19 - Application Started
2026-07-15 12:38:15.694 | INFO     | app.main:<module>:19 - Application Started
2026-07-15 12:38:40.758 | INFO     | app.main:<module>:19 - Application Started
2026-07-15 12:39:03.545 | INFO     | app.main:<module>:19 - Application Started
2026-07-15 12:39:25.003 | INFO     | app.main:<module>:19 - Application Started
2026-07-15 12:48:52.684 | INFO     | app.main:<module>:19 - Application Started
2026-07-15 12:49:08.893 | INFO     | app.main:<module>:19 - Application Started
2026-07-15 12:54:25.874 | INFO     | app.main:<module>:19 - Application Started
2026-07-15 12:54:41.761 | INFO     | app.main:<module>:19 - Application Started
2026-07-15 12:54:58.043 | INFO     | app.main:<module>:19 - Application Started
2026-07-15 12:55:14.652 | INFO     | app.main:<module>:19 - Application Started
2026-07-15 12:55:31.185 | INFO     | app.main:<module>:19 - Application Started
2026-07-15 12:55:47.713 | INFO     | app.main:<module>:19 - Application Started
2026-07-15 12:56:04.077 | INFO     | app.main:<module>:19 - Application Started
2026-07-15 12:56:19.848 | INFO     | app.main:<module>:19 - Application Started
2026-07-15 12:56:41.922 | INFO     | app.main:<module>:19 - Application Started
2026-07-15 12:56:58.248 | INFO     | app.main:<module>:19 - Application Started
2026-07-15 12:57:30.632 | INFO     | app.main:<module>:19 - Application Started
2026-07-15 12:57:46.794 | INFO     | app.main:<module>:19 - Application Started
2026-07-15 12:58:03.238 | INFO     | app.main:<module>:19 - Application Started
2026-07-15 12:58:19.611 | INFO     | app.main:<module>:19 - Application Started
2026-07-15 12:58:37.296 | INFO     | app.main:<module>:19 - Application Started
2026-07-15 12:58:53.495 | INFO     | app.main:<module>:19 - Application Started
2026-07-15 12:59:09.847 | INFO     | app.main:<module>:19 - Application Started
2026-07-15 12:59:26.255 | INFO     | app.main:<module>:19 - Application Started
2026-07-15 12:59:42.447 | INFO     | app.main:<module>:19 - Application Started
2026-07-15 12:59:59.015 | INFO     | app.main:<module>:19 - Application Started
2026-07-15 13:00:15.003 | INFO     | app.main:<module>:19 - Application Started
2026-07-15 13:00:31.145 | INFO     | app.main:<module>:19 - Application Started
2026-07-15 13:00:47.780 | INFO     | app.main:<module>:19 - Application Started
2026-07-15 13:02:48.360 | INFO     | app.main:<module>:19 - Application Started
2026-07-15 13:03:10.157 | INFO     | app.main:<module>:19 - Application Started
2026-07-15 13:03:31.831 | INFO     | app.main:<module>:19 - Application Started
2026-07-15 13:25:39.585 | INFO     | app.main:<module>:19 - Application Started
2026-07-15 13:33:03.143 | INFO     | app.main:<module>:19 - Application Started
2026-07-15 13:33:25.413 | INFO     | app.main:<module>:19 - Application Started
2026-07-15 13:33:47.711 | INFO     | app.main:<module>:19 - Application Started
2026-07-15 13:34:31.397 | INFO     | app.main:<module>:19 - Application Started
2026-07-15 13:34:52.842 | INFO     | app.main:<module>:19 - Application Started
2026-07-15 13:35:13.992 | INFO     | app.main:<module>:19 - Application Started
2026-07-15 13:38:16.477 | INFO     | app.main:<module>:19 - Application Started
2026-07-15 13:38:38.134 | INFO     | app.main:<module>:19 - Application Started
2026-07-15 13:38:59.988 | INFO     | app.main:<module>:19 - Application Started
2026-07-15 13:41:08.289 | INFO     | app.main:<module>:19 - Application Started
2026-07-15 13:41:29.902 | INFO     | app.main:<module>:19 - Application Started
2026-07-15 13:41:51.680 | INFO     | app.main:<module>:19 - Application Started
2026-07-15 13:42:13.564 | INFO     | app.main:<module>:19 - Application Started
2026-07-15 13:42:35.038 | INFO     | app.main:<module>:19 - Application Started
2026-07-15 13:43:49.508 | INFO     | app.main:<module>:19 - Application Started
2026-07-15 13:44:11.262 | INFO     | app.main:<module>:19 - Application Started
2026-07-15 13:44:32.772 | INFO     | app.main:<module>:19 - Application Started
2026-07-15 13:45:28.555 | INFO     | app.main:<module>:19 - Application Started
2026-07-15 13:46:01.295 | INFO     | app.main:<module>:19 - Application Started
2026-07-15 13:46:22.681 | INFO     | app.main:<module>:19 - Application Started
2026-07-15 13:46:43.898 | INFO     | app.main:<module>:19 - Application Started
2026-07-15 13:53:03.835 | INFO     | app.main:<module>:19 - Application Started
2026-07-15 13:53:25.889 | INFO     | app.main:<module>:19 - Application Started
2026-07-15 13:53:47.757 | INFO     | app.main:<module>:19 - Application Started
2026-07-15 13:54:09.427 | INFO     | app.main:<module>:19 - Application Started
2026-07-15 13:54:30.917 | INFO     | app.main:<module>:19 - Application Started
2026-07-15 13:54:52.583 | INFO     | app.main:<module>:19 - Application Started
2026-07-15 13:55:13.993 | INFO     | app.main:<module>:21 - Application Started
2026-07-15 13:55:35.443 | INFO     | app.main:<module>:21 - Application Started
2026-07-15 13:55:57.383 | INFO     | app.main:<module>:32 - Application Started
2026-07-15 13:56:18.767 | INFO     | app.main:<module>:32 - Application Started
2026-07-15 13:56:40.353 | INFO     | app.main:<module>:32 - Application Started
2026-07-15 14:28:49.721 | INFO     | app.main:<module>:36 - Application Started
2026-07-15 14:28:49.722 | INFO     | app.main:lifespan:14 - Initializing AI Components...
2026-07-15 14:28:49.722 | INFO     | app.main:lifespan:16 - AI Components Ready
2026-07-15 14:29:11.197 | INFO     | app.main:<module>:36 - Application Started
2026-07-15 14:29:11.198 | INFO     | app.main:lifespan:14 - Initializing AI Components...
2026-07-15 14:29:11.198 | INFO     | app.main:lifespan:16 - AI Components Ready
2026-07-15 14:29:32.932 | INFO     | app.main:<module>:36 - Application Started
2026-07-15 14:29:32.934 | INFO     | app.main:lifespan:14 - Initializing AI Components...
2026-07-15 14:29:32.934 | INFO     | app.main:lifespan:16 - AI Components Ready
2026-07-15 14:30:06.063 | INFO     | app.main:lifespan:20 - Application Shutdown
2026-07-15 14:30:27.684 | INFO     | app.main:<module>:36 - Application Started
2026-07-15 14:30:27.686 | INFO     | app.main:lifespan:14 - Initializing AI Components...
2026-07-15 14:30:27.686 | INFO     | app.main:lifespan:16 - AI Components Ready
2026-07-15 14:30:49.284 | INFO     | app.main:<module>:36 - Application Started
2026-07-15 14:30:49.285 | INFO     | app.main:lifespan:14 - Initializing AI Components...
2026-07-15 14:30:49.285 | INFO     | app.main:lifespan:16 - AI Components Ready
2026-07-15 14:31:10.754 | INFO     | app.main:<module>:36 - Application Started
2026-07-15 14:31:10.755 | INFO     | app.main:lifespan:14 - Initializing AI Components...
2026-07-15 14:31:10.755 | INFO     | app.main:lifespan:16 - AI Components Ready
2026-07-15 14:31:32.207 | INFO     | app.main:<module>:36 - Application Started
2026-07-15 14:31:32.208 | INFO     | app.main:lifespan:14 - Initializing AI Components...
2026-07-15 14:31:32.208 | INFO     | app.main:lifespan:16 - AI Components Ready
2026-07-15 14:31:54.435 | INFO     | app.main:<module>:36 - Application Started
2026-07-15 14:31:54.436 | INFO     | app.main:lifespan:14 - Initializing AI Components...
2026-07-15 14:31:54.436 | INFO     | app.main:lifespan:16 - AI Components Ready
2026-07-15 14:37:25.045 | INFO     | app.main:lifespan:20 - Application Shutdown
2026-07-15 14:37:47.081 | INFO     | app.main:<module>:36 - Application Started
2026-07-15 14:37:47.082 | INFO     | app.main:lifespan:14 - Initializing AI Components...
2026-07-15 14:38:09.059 | INFO     | app.main:<module>:36 - Application Started
2026-07-15 14:38:09.059 | INFO     | app.main:lifespan:14 - Initializing AI Components...
2026-07-15 14:38:31.079 | INFO     | app.main:<module>:36 - Application Started
2026-07-15 14:38:31.079 | INFO     | app.main:lifespan:14 - Initializing AI Components...
2026-07-15 14:38:53.679 | INFO     | app.main:<module>:36 - Application Started
2026-07-15 14:38:53.680 | INFO     | app.main:lifespan:14 - Initializing AI Components...
2026-07-15 14:40:20.724 | INFO     | app.main:<module>:36 - Application Started
2026-07-15 14:40:20.725 | INFO     | app.main:lifespan:14 - Initializing AI Components...
2026-07-15 15:03:48.311 | INFO     | app.main:<module>:36 - Application Started
2026-07-15 15:03:48.312 | INFO     | app.main:lifespan:14 - Initializing AI Components...
2026-07-15 15:04:36.776 | INFO     | app.main:<module>:36 - Application Started
2026-07-15 15:04:36.777 | INFO     | app.main:lifespan:14 - Initializing AI Components...
2026-07-15 15:04:58.108 | INFO     | app.main:<module>:36 - Application Started
2026-07-15 15:04:58.109 | INFO     | app.main:lifespan:14 - Initializing AI Components...
2026-07-15 15:50:08.499 | INFO     | app.main:<module>:36 - Application Started
2026-07-15 15:50:08.500 | INFO     | app.main:lifespan:14 - Initializing AI Components...
2026-07-15 15:53:49.119 | INFO     | app.main:<module>:36 - Application Started
2026-07-15 15:53:49.120 | INFO     | app.main:lifespan:14 - Initializing AI Components...
2026-07-15 15:54:25.155 | INFO     | app.main:<module>:36 - Application Started
2026-07-15 15:54:25.156 | INFO     | app.main:lifespan:14 - Initializing AI Components...
2026-07-15 15:54:25.222 | INFO     | app.main:lifespan:16 - AI Components Ready
2026-07-15 15:54:27.841 | INFO     | app.main:lifespan:20 - Application Shutdown
2026-07-15 15:54:49.614 | INFO     | app.main:<module>:37 - Application Started
2026-07-15 15:54:49.615 | INFO     | app.main:lifespan:15 - Initializing AI Components...
2026-07-15 15:54:49.638 | INFO     | app.main:lifespan:17 - AI Components Ready
2026-07-15 15:55:11.117 | INFO     | app.main:<module>:37 - Application Started
2026-07-15 15:55:11.117 | INFO     | app.main:lifespan:15 - Initializing AI Components...
2026-07-15 15:55:11.147 | INFO     | app.main:lifespan:17 - AI Components Ready
2026-07-15 15:55:32.508 | INFO     | app.main:<module>:37 - Application Started
2026-07-15 15:55:32.509 | INFO     | app.main:lifespan:15 - Initializing AI Components...
2026-07-15 15:55:32.535 | INFO     | app.main:lifespan:17 - AI Components Ready
2026-07-15 15:56:30.279 | INFO     | app.main:lifespan:21 - Application Shutdown
2026-07-15 15:56:55.186 | INFO     | app.main:<module>:37 - Application Started
2026-07-15 15:56:55.187 | INFO     | app.main:lifespan:15 - Initializing AI Components...
2026-07-15 15:56:55.212 | INFO     | app.main:lifespan:17 - AI Components Ready
2026-07-15 16:01:10.607 | INFO     | app.main:lifespan:21 - Application Shutdown
2026-07-15 16:01:55.133 | INFO     | app.main:<module>:37 - Application Started
2026-07-15 16:01:55.134 | INFO     | app.main:lifespan:15 - Initializing AI Components...
2026-07-15 16:01:55.196 | INFO     | app.main:lifespan:17 - AI Components Ready
2026-07-15 16:02:17.600 | INFO     | app.main:<module>:37 - Application Started
2026-07-15 16:02:17.601 | INFO     | app.main:lifespan:15 - Initializing AI Components...
2026-07-15 16:02:17.630 | INFO     | app.main:lifespan:17 - AI Components Ready
2026-07-15 16:02:40.527 | INFO     | app.main:<module>:37 - Application Started
2026-07-15 16:02:40.528 | INFO     | app.main:lifespan:15 - Initializing AI Components...
2026-07-15 16:02:40.555 | INFO     | app.main:lifespan:17 - AI Components Ready
2026-07-15 16:02:47.645 | INFO     | app.main:lifespan:21 - Application Shutdown
2026-07-15 16:03:09.357 | INFO     | app.main:<module>:37 - Application Started
2026-07-15 16:03:09.358 | INFO     | app.main:lifespan:15 - Initializing AI Components...
2026-07-15 16:03:09.383 | INFO     | app.main:lifespan:17 - AI Components Ready
2026-07-15 16:05:01.958 | INFO     | app.main:<module>:37 - Application Started
2026-07-15 16:05:01.959 | INFO     | app.main:lifespan:15 - Initializing AI Components...
2026-07-15 16:05:01.982 | INFO     | app.main:lifespan:17 - AI Components Ready
2026-07-15 16:05:23.414 | INFO     | app.main:<module>:37 - Application Started
2026-07-15 16:05:23.415 | INFO     | app.main:lifespan:15 - Initializing AI Components...
2026-07-15 16:05:23.437 | INFO     | app.main:lifespan:17 - AI Components Ready
2026-07-15 16:05:45.160 | INFO     | app.main:<module>:37 - Application Started
2026-07-15 16:05:45.160 | INFO     | app.main:lifespan:15 - Initializing AI Components...
2026-07-15 16:05:45.186 | INFO     | app.main:lifespan:17 - AI Components Ready
2026-07-15 16:06:14.769 | INFO     | app.main:lifespan:21 - Application Shutdown
2026-07-15 16:06:40.232 | INFO     | app.main:<module>:37 - Application Started
2026-07-15 16:06:40.233 | INFO     | app.main:lifespan:15 - Initializing AI Components...
2026-07-15 16:06:40.256 | INFO     | app.main:lifespan:17 - AI Components Ready
2026-07-15 16:07:43.203 | INFO     | app.main:lifespan:21 - Application Shutdown
2026-07-15 16:08:06.091 | INFO     | app.main:<module>:37 - Application Started
2026-07-15 16:08:06.092 | INFO     | app.main:lifespan:15 - Initializing AI Components...
2026-07-15 16:08:06.115 | INFO     | app.main:lifespan:17 - AI Components Ready
2026-07-15 16:12:15.746 | INFO     | app.main:lifespan:21 - Application Shutdown
2026-07-15 16:12:37.880 | INFO     | app.main:<module>:37 - Application Started
2026-07-15 16:12:37.882 | INFO     | app.main:lifespan:15 - Initializing AI Components...
2026-07-15 16:12:37.906 | INFO     | app.main:lifespan:17 - AI Components Ready
2026-07-15 16:12:59.609 | INFO     | app.main:<module>:37 - Application Started
2026-07-15 16:12:59.610 | INFO     | app.main:lifespan:15 - Initializing AI Components...
2026-07-15 16:12:59.636 | INFO     | app.main:lifespan:17 - AI Components Ready
2026-07-15 16:13:21.573 | INFO     | app.main:<module>:37 - Application Started
2026-07-15 16:13:21.574 | INFO     | app.main:lifespan:15 - Initializing AI Components...
2026-07-15 16:13:21.601 | INFO     | app.main:lifespan:17 - AI Components Ready
2026-07-15 16:13:43.770 | INFO     | app.main:<module>:37 - Application Started
2026-07-15 16:13:43.771 | INFO     | app.main:lifespan:15 - Initializing AI Components...
2026-07-15 16:13:43.795 | INFO     | app.main:lifespan:17 - AI Components Ready
2026-07-15 16:14:05.598 | INFO     | app.main:<module>:37 - Application Started
2026-07-15 16:14:05.599 | INFO     | app.main:lifespan:15 - Initializing AI Components...
2026-07-15 16:14:05.622 | INFO     | app.main:lifespan:17 - AI Components Ready
2026-07-15 16:14:27.836 | INFO     | app.main:<module>:37 - Application Started
2026-07-15 16:14:27.837 | INFO     | app.main:lifespan:15 - Initializing AI Components...
2026-07-15 16:14:27.864 | INFO     | app.main:lifespan:17 - AI Components Ready
2026-07-15 16:14:49.865 | INFO     | app.main:<module>:37 - Application Started
2026-07-15 16:14:49.866 | INFO     | app.main:lifespan:15 - Initializing AI Components...
2026-07-15 16:14:49.892 | INFO     | app.main:lifespan:17 - AI Components Ready
2026-07-15 16:15:11.816 | INFO     | app.main:<module>:37 - Application Started
2026-07-15 16:15:11.817 | INFO     | app.main:lifespan:15 - Initializing AI Components...
2026-07-15 16:15:11.841 | INFO     | app.main:lifespan:17 - AI Components Ready
2026-07-15 16:19:53.563 | INFO     | app.main:lifespan:21 - Application Shutdown
2026-07-15 16:20:15.770 | INFO     | app.main:<module>:37 - Application Started
2026-07-15 16:20:15.771 | INFO     | app.main:lifespan:15 - Initializing AI Components...
2026-07-15 16:20:15.796 | INFO     | app.main:lifespan:17 - AI Components Ready
2026-07-15 16:20:38.004 | INFO     | app.main:<module>:37 - Application Started
2026-07-15 16:20:38.005 | INFO     | app.main:lifespan:15 - Initializing AI Components...
2026-07-15 16:20:38.030 | INFO     | app.main:lifespan:17 - AI Components Ready
2026-07-15 16:21:00.047 | INFO     | app.main:<module>:37 - Application Started
2026-07-15 16:21:00.048 | INFO     | app.main:lifespan:15 - Initializing AI Components...
2026-07-15 16:21:00.075 | INFO     | app.main:lifespan:17 - AI Components Ready
2026-07-15 16:21:21.831 | INFO     | app.main:<module>:37 - Application Started
2026-07-15 16:21:21.832 | INFO     | app.main:lifespan:15 - Initializing AI Components...
2026-07-15 16:21:21.857 | INFO     | app.main:lifespan:17 - AI Components Ready
2026-07-15 16:21:41.070 | INFO     | app.main:lifespan:21 - Application Shutdown
2026-07-15 16:22:02.936 | INFO     | app.main:<module>:37 - Application Started
2026-07-15 16:22:02.936 | INFO     | app.main:lifespan:15 - Initializing AI Components...
2026-07-15 16:22:02.960 | INFO     | app.main:lifespan:17 - AI Components Ready
2026-07-15 16:22:25.049 | INFO     | app.main:<module>:37 - Application Started
2026-07-15 16:22:25.049 | INFO     | app.main:lifespan:15 - Initializing AI Components...
2026-07-15 16:22:25.072 | INFO     | app.main:lifespan:17 - AI Components Ready
2026-07-15 16:22:43.319 | INFO     | app.main:lifespan:21 - Application Shutdown
2026-07-15 16:23:05.196 | INFO     | app.main:<module>:37 - Application Started
2026-07-15 16:23:05.197 | INFO     | app.main:lifespan:15 - Initializing AI Components...
2026-07-15 16:23:05.222 | INFO     | app.main:lifespan:17 - AI Components Ready
2026-07-15 16:23:21.502 | INFO     | app.main:lifespan:21 - Application Shutdown
2026-07-15 16:23:43.466 | INFO     | app.main:<module>:37 - Application Started
2026-07-15 16:23:43.467 | INFO     | app.main:lifespan:15 - Initializing AI Components...
2026-07-15 16:23:43.492 | INFO     | app.main:lifespan:17 - AI Components Ready
2026-07-15 16:27:09.459 | INFO     | app.main:lifespan:21 - Application Shutdown
2026-07-15 16:27:31.594 | INFO     | app.main:<module>:37 - Application Started
2026-07-15 16:27:31.595 | INFO     | app.main:lifespan:15 - Initializing AI Components...
2026-07-15 16:27:31.617 | INFO     | app.main:lifespan:17 - AI Components Ready
2026-07-15 16:28:29.784 | INFO     | app.main:lifespan:21 - Application Shutdown
2026-07-15 16:28:51.863 | INFO     | app.main:<module>:37 - Application Started
2026-07-15 16:28:51.864 | INFO     | app.main:lifespan:15 - Initializing AI Components...
2026-07-15 16:28:51.891 | INFO     | app.main:lifespan:17 - AI Components Ready
2026-07-15 16:29:11.298 | INFO     | app.main:lifespan:21 - Application Shutdown
2026-07-15 16:29:33.343 | INFO     | app.main:<module>:37 - Application Started
2026-07-15 16:29:33.344 | INFO     | app.main:lifespan:15 - Initializing AI Components...
2026-07-15 16:29:33.344 | INFO     | app.main:lifespan:17 - AI Components Ready
2026-07-15 16:29:41.102 | INFO     | app.main:lifespan:21 - Application Shutdown
2026-07-15 16:30:04.983 | INFO     | app.main:<module>:37 - Application Started
2026-07-15 16:30:04.984 | INFO     | app.main:lifespan:15 - Initializing AI Components...
2026-07-15 16:30:04.985 | INFO     | app.main:lifespan:17 - AI Components Ready
2026-07-15 16:57:18.093 | INFO     | app.main:lifespan:21 - Application Shutdown
2026-07-15 16:57:40.867 | INFO     | app.main:<module>:37 - Application Started
2026-07-15 16:57:40.868 | INFO     | app.main:lifespan:15 - Initializing AI Components...
2026-07-15 16:57:40.868 | INFO     | app.main:lifespan:17 - AI Components Ready
2026-07-15 16:58:03.273 | INFO     | app.main:<module>:37 - Application Started
2026-07-15 16:58:03.274 | INFO     | app.main:lifespan:15 - Initializing AI Components...
2026-07-15 16:58:03.274 | INFO     | app.main:lifespan:17 - AI Components Ready
2026-07-15 18:13:29.304 | INFO     | app.main:lifespan:21 - Application Shutdown
2026-07-15 18:13:51.872 | INFO     | app.main:<module>:37 - Application Started
2026-07-15 18:13:51.873 | INFO     | app.main:lifespan:15 - Initializing AI Components...
2026-07-15 18:13:51.873 | INFO     | app.main:lifespan:17 - AI Components Ready
2026-07-15 18:16:50.926 | INFO     | app.main:lifespan:21 - Application Shutdown
2026-07-15 18:17:15.322 | INFO     | app.main:<module>:37 - Application Started
2026-07-15 18:17:15.322 | INFO     | app.main:lifespan:15 - Initializing AI Components...
2026-07-15 18:17:15.323 | INFO     | app.main:lifespan:17 - AI Components Ready
2026-07-15 18:22:22.789 | INFO     | app.main:lifespan:21 - Application Shutdown
2026-07-15 18:22:47.535 | INFO     | app.main:<module>:37 - Application Started
2026-07-15 18:22:47.536 | INFO     | app.main:lifespan:15 - Initializing AI Components...
2026-07-15 18:22:47.537 | INFO     | app.main:lifespan:17 - AI Components Ready
2026-07-15 18:23:09.307 | INFO     | app.main:<module>:37 - Application Started
2026-07-15 18:23:09.308 | INFO     | app.main:lifespan:15 - Initializing AI Components...
2026-07-15 18:23:09.308 | INFO     | app.main:lifespan:17 - AI Components Ready
2026-07-15 18:23:31.867 | INFO     | app.main:<module>:37 - Application Started
2026-07-15 18:23:31.868 | INFO     | app.main:lifespan:15 - Initializing AI Components...
2026-07-15 18:23:31.868 | INFO     | app.main:lifespan:17 - AI Components Ready
2026-07-15 18:23:54.442 | INFO     | app.main:<module>:37 - Application Started
2026-07-15 18:23:54.443 | INFO     | app.main:lifespan:15 - Initializing AI Components...
2026-07-15 18:23:54.443 | INFO     | app.main:lifespan:17 - AI Components Ready
2026-07-15 18:24:16.645 | INFO     | app.main:<module>:37 - Application Started
2026-07-15 18:24:16.647 | INFO     | app.main:lifespan:15 - Initializing AI Components...
2026-07-15 18:24:16.647 | INFO     | app.main:lifespan:17 - AI Components Ready
2026-07-15 18:24:39.375 | INFO     | app.main:<module>:37 - Application Started
2026-07-15 18:24:39.376 | INFO     | app.main:lifespan:15 - Initializing AI Components...
2026-07-15 18:24:39.376 | INFO     | app.main:lifespan:17 - AI Components Ready
2026-07-15 18:24:41.123 | INFO     | app.main:lifespan:21 - Application Shutdown
2026-07-15 18:25:03.518 | INFO     | app.main:<module>:37 - Application Started
2026-07-15 18:25:03.518 | INFO     | app.main:lifespan:15 - Initializing AI Components...
2026-07-15 18:25:03.544 | INFO     | app.main:lifespan:17 - AI Components Ready
2026-07-15 18:25:26.029 | INFO     | app.main:<module>:37 - Application Started
2026-07-15 18:25:26.030 | INFO     | app.main:lifespan:15 - Initializing AI Components...
2026-07-15 18:25:26.053 | INFO     | app.main:lifespan:17 - AI Components Ready
2026-07-15 18:25:48.120 | INFO     | app.main:<module>:37 - Application Started
2026-07-15 18:25:48.121 | INFO     | app.main:lifespan:15 - Initializing AI Components...
2026-07-15 18:25:48.148 | INFO     | app.main:lifespan:17 - AI Components Ready
2026-07-15 18:26:11.958 | INFO     | app.main:<module>:37 - Application Started
2026-07-15 18:26:11.960 | INFO     | app.main:lifespan:15 - Initializing AI Components...
2026-07-15 18:26:11.990 | INFO     | app.main:lifespan:17 - AI Components Ready
2026-07-15 18:27:00.924 | INFO     | app.main:lifespan:21 - Application Shutdown
2026-07-15 18:27:25.667 | INFO     | app.main:<module>:37 - Application Started
2026-07-15 18:27:25.667 | INFO     | app.main:lifespan:15 - Initializing AI Components...
2026-07-15 18:27:25.690 | INFO     | app.main:lifespan:17 - AI Components Ready
2026-07-15 18:27:48.169 | INFO     | app.main:<module>:37 - Application Started
2026-07-15 18:27:48.170 | INFO     | app.main:lifespan:15 - Initializing AI Components...
2026-07-15 18:27:48.193 | INFO     | app.main:lifespan:17 - AI Components Ready
2026-07-15 18:28:11.190 | INFO     | app.main:<module>:37 - Application Started
2026-07-15 18:28:11.191 | INFO     | app.main:lifespan:15 - Initializing AI Components...
2026-07-15 18:28:11.213 | INFO     | app.main:lifespan:17 - AI Components Ready
2026-07-15 18:28:33.571 | INFO     | app.main:<module>:37 - Application Started
2026-07-15 18:28:33.572 | INFO     | app.main:lifespan:15 - Initializing AI Components...
2026-07-15 18:28:33.597 | INFO     | app.main:lifespan:17 - AI Components Ready
2026-07-15 18:28:56.665 | INFO     | app.main:<module>:37 - Application Started
2026-07-15 18:28:56.666 | INFO     | app.main:lifespan:15 - Initializing AI Components...
2026-07-15 18:28:56.703 | INFO     | app.main:lifespan:17 - AI Components Ready
2026-07-15 18:29:19.477 | INFO     | app.main:<module>:37 - Application Started
2026-07-15 18:29:19.477 | INFO     | app.main:lifespan:15 - Initializing AI Components...
2026-07-15 18:29:19.501 | INFO     | app.main:lifespan:17 - AI Components Ready
2026-07-15 18:29:42.079 | INFO     | app.main:<module>:37 - Application Started
2026-07-15 18:29:42.080 | INFO     | app.main:lifespan:15 - Initializing AI Components...
2026-07-15 18:29:42.104 | INFO     | app.main:lifespan:17 - AI Components Ready
2026-07-15 18:30:04.158 | INFO     | app.main:<module>:37 - Application Started
2026-07-15 18:30:04.159 | INFO     | app.main:lifespan:15 - Initializing AI Components...
2026-07-15 18:30:04.182 | INFO     | app.main:lifespan:17 - AI Components Ready
2026-07-15 18:30:27.027 | INFO     | app.main:<module>:37 - Application Started
2026-07-15 18:30:27.028 | INFO     | app.main:lifespan:15 - Initializing AI Components...
2026-07-15 18:30:27.050 | INFO     | app.main:lifespan:17 - AI Components Ready
2026-07-15 18:30:50.069 | INFO     | app.main:<module>:37 - Application Started
2026-07-15 18:30:50.070 | INFO     | app.main:lifespan:15 - Initializing AI Components...
2026-07-15 18:30:50.104 | INFO     | app.main:lifespan:17 - AI Components Ready
2026-07-15 18:31:12.557 | INFO     | app.main:<module>:37 - Application Started
2026-07-15 18:31:12.558 | INFO     | app.main:lifespan:15 - Initializing AI Components...
2026-07-15 18:31:12.582 | INFO     | app.main:lifespan:17 - AI Components Ready
2026-07-15 18:31:34.568 | INFO     | app.main:<module>:37 - Application Started
2026-07-15 18:31:34.569 | INFO     | app.main:lifespan:15 - Initializing AI Components...
2026-07-15 18:31:34.591 | INFO     | app.main:lifespan:17 - AI Components Ready
